remote: 
remote: GitHub found 3 vulnerabilities on vannvan/archives's default branch (2 high, 1 moderate). To find out more, visit:        
remote:      https://github.com/vannvan/archives/security/dependabot        
remote: 
To github.com:vannvan/archives.git
   dc100bc..85878a7  master -> master
remote: 
remote: GitHub found 3 vulnerabilities on vannvan/archives's default branch (2 high, 1 moderate). To find out more, visit:        
remote:      https://github.com/vannvan/archives/security/dependabot        
remote: 
To github.com:vannvan/archives.git
   85878a7..22a7bde  master -> master
remote: 
remote: GitHub found 3 vulnerabilities on vannvan/archives's default branch (2 high, 1 moderate). To find out more, visit:        
remote:      https://github.com/vannvan/archives/security/dependabot        
remote: 
To github.com:vannvan/archives.git
   22a7bde..3e68d70  master -> master
remote: 
remote: GitHub found 3 vulnerabilities on vannvan/archives's default branch (2 high, 1 moderate). To find out more, visit:        
remote:      https://github.com/vannvan/archives/security/dependabot        
remote: 
To github.com:vannvan/archives.git
   3e68d70..12ce615  master -> master
