ๆจ้ๆถ้ด: 2022/05/14 10:06:32
ๆจ้ๆถ้ด: 2022/05/14 10:07:46
ๆจ้ๆถ้ด: 2022/05/14 10:07:56
ๆจ้ๆถ้ด: 2022/05/14 10:16:19
ๆจ้ๆถ้ด: 2022/05/14 10:26:56
ๆจ้ๆถ้ด: 2022/05/14 10:27:06
ๆจ้ๆถ้ด: 2022/05/14 10:27:17
ๆจ้ๆถ้ด: 2022/05/14 10:27:27
ๆจ้ๆถ้ด: 2022/05/14 10:27:37
ๆจ้ๆถ้ด: 2022/05/14 10:27:47
ๆจ้ๆถ้ด: 2022/05/14 10:27:57
ๆจ้ๆถ้ด: 2022/05/14 10:28:07
ๆจ้ๆถ้ด: 2022/05/14 10:28:17
[master b8cb256] 2022/05/14 10:28:21
 1 file changed, 12 insertions(+)
[0;32m git success [0m2022/05/14 10:28:21
[master a4910a5] 2022/05/14 10:28:35
 2 files changed, 9 insertions(+)
[0;32m git success [0m2022/05/14 10:28:35
[master 0f30e4a] 2022/05/14 10:28:48
 2 files changed, 9 insertions(+)
[0;32m git success [0m2022/05/14 10:28:48
[master 8001600] 2022/05/14 10:29:03
 2 files changed, 9 insertions(+)
[0;32m git success [0m2022/05/14 10:29:03
[master 3782acc] 2022/05/14 10:29:17
 2 files changed, 9 insertions(+)
[0;32m git success [0m2022/05/14 10:29:17
[master ddfa347] 2022/05/14 10:29:28
 2 files changed, 9 insertions(+)
[0;32m git success [0m2022/05/14 10:29:28
ๆจ้ๆถ้ด: 2022/05/14 10:32:59
ๆจ้ๆถ้ด: 2022/05/14 10:49:39
ๆจ้ๆถ้ด: 2022/05/14 11:06:19
ๆจ้ๆถ้ด: 2022/05/14 11:23:00
ๆจ้ๆถ้ด: 2022/05/14 11:39:40
ๆจ้ๆถ้ด: 2022/05/14 12:01:18
ๆจ้ๆถ้ด: 2022/05/14 12:30:04
[master 4001ebe] 2022/05/14 13:01:51
 2 files changed, 16 insertions(+)
[0;32m git success [0m2022/05/14 13:01:51
ๆจ้ๆถ้ด: 2022/05/14 13:01:59
ๆจ้ๆถ้ด: 2022/05/14 13:18:39
ๆจ้ๆถ้ด: 2022/05/14 13:35:19
ๆจ้ๆถ้ด: 2022/05/14 13:51:59
ๆจ้ๆถ้ด: 2022/05/14 14:10:54
ๆจ้ๆถ้ด: 2022/05/14 14:27:35
ๆจ้ๆถ้ด: 2022/05/14 14:44:15
ๆจ้ๆถ้ด: 2022/05/14 15:00:55
[master dffd3d8] 2022/05/14 15:04:09
 2 files changed, 17 insertions(+)
[0;32m git success [0m2022/05/14 15:04:09
ๆจ้ๆถ้ด: 2022/05/14 15:17:35
ๆจ้ๆถ้ด: 2022/05/14 15:34:16
ๆจ้ๆถ้ด: 2022/05/14 15:50:56
ๆจ้ๆถ้ด: 2022/05/14 16:07:36
ๆจ้ๆถ้ด: 2022/05/14 16:35:12
ๆจ้ๆถ้ด: 2022/05/14 16:51:53
ๆจ้ๆถ้ด: 2022/05/14 17:08:33
[master cc68d08] 2022/05/14 17:15:11
 2 files changed, 16 insertions(+)
[0;32m git success [0m2022/05/14 17:15:11
ๆจ้ๆถ้ด: 2022/05/14 17:25:13
ๆจ้ๆถ้ด: 2022/05/14 17:41:53
ๆจ้ๆถ้ด: 2022/05/14 17:58:34
ๆจ้ๆถ้ด: 2022/05/14 18:39:53
ๆจ้ๆถ้ด: 2022/05/14 19:20:23
ๆจ้ๆถ้ด: 2022/05/14 19:56:10
ๆจ้ๆถ้ด: 2022/05/14 20:22:16
[master d3d8552] 2022/05/14 20:32:16
 2 files changed, 16 insertions(+)
[0;32m git success [0m2022/05/14 20:32:16
ๆจ้ๆถ้ด: 2022/05/14 20:38:56
ๆจ้ๆถ้ด: 2022/05/14 20:55:36
ๆจ้ๆถ้ด: 2022/05/14 21:21:19
ๆจ้ๆถ้ด: 2022/05/14 21:37:59
ๆจ้ๆถ้ด: 2022/05/14 21:54:39
ๆจ้ๆถ้ด: 2022/05/14 22:11:20
ๆจ้ๆถ้ด: 2022/05/14 22:28:00
[master 2641749] 2022/05/14 22:41:23
 2 files changed, 16 insertions(+)
[0;32m git success [0m2022/05/14 22:41:23
ๆจ้ๆถ้ด: 2022/05/14 22:44:40
ๆจ้ๆถ้ด: 2022/05/14 23:01:20
ๆจ้ๆถ้ด: 2022/05/14 23:18:00
ๆจ้ๆถ้ด: 2022/05/14 23:34:40
ๆจ้ๆถ้ด: 2022/05/14 23:51:20
ๆจ้ๆถ้ด: 2022/05/15 00:08:01
ๆจ้ๆถ้ด: 2022/05/15 00:24:41
ๆจ้ๆถ้ด: 2022/05/15 00:41:21
